<?xml version="1.0" encoding="UTF-8"?>
<!-- Generated by org.testng.reporters.JUnitReportReporter -->
<testsuite hostname="Sofians-MacBook-Air.local" failures="0" tests="3" name="com.tutorialsninja.Testcases.SearchTest" time="21.133" errors="0" timestamp="2023-11-04T11:01:20 EDT" skipped="0">
  <testcase classname="com.tutorialsninja.Testcases.SearchTest" name="searchWithValidProduct" time="5.955"/>
  <testcase classname="com.tutorialsninja.Testcases.SearchTest" name="searchWithInvalidProduct" time="5.821"/>
  <testcase classname="com.tutorialsninja.Testcases.SearchTest" name="searchWithNoProduct" time="9.357"/>
</testsuite> <!-- com.tutorialsninja.Testcases.SearchTest -->
